<?xml version="1.0" encoding="UTF-8"?>
<!-- Generated by org.testng.reporters.JUnitReportReporter -->
<testsuite skipped="0" hostname="DESKTOP-68S2GAU" name="testNG.concept.TestNGDependent" tests="3" failures="0" timestamp="12 Apr 2021 05:02:42 GMT" time="0.024" errors="0">
  <testcase name="test_SignINtoApplication" time="0.003" classname="testNG.concept.TestNGDependent"/>
  <testcase name="test_NavigateToURL" time="0.001" classname="testNG.concept.TestNGDependent"/>
  <testcase name="test_OpenBrowser" time="0.020" classname="testNG.concept.TestNGDependent"/>
</testsuite> <!-- testNG.concept.TestNGDependent -->
