<?xml version="1.0" encoding="UTF-8"?>
<!-- Generated by org.testng.reporters.JUnitReportReporter -->
<testsuite skipped="0" hostname="DESKTOP-68S2GAU" name="testNG.concept.TestNGAnnotation" tests="4" failures="0" timestamp="12 Apr 2021 03:18:38 GMT" time="0.023" errors="0">
  <testcase name="test_without_priority" time="0.008" classname="testNG.concept.TestNGAnnotation"/>
  <testcase name="test_hree" time="0.003" classname="testNG.concept.TestNGAnnotation"/>
  <testcase name="test_two" time="0.009" classname="testNG.concept.TestNGAnnotation"/>
  <testcase name="test_one" time="0.003" classname="testNG.concept.TestNGAnnotation"/>
</testsuite> <!-- testNG.concept.TestNGAnnotation -->
