<?xml version="1.0" encoding="UTF-8"?>
<!-- Generated by org.testng.reporters.JUnitReportReporter -->
<testsuite skipped="0" hostname="DESKTOP-68S2GAU" name="testNG.concept.TestNGAssertions" tests="2" failures="0" timestamp="2021-04-07T18:57:23 EDT" time="0.023" errors="0">
  <testcase name="hardAssertion" time="0.015" classname="testNG.concept.TestNGAssertions"/>
  <system-out/>
  <testcase name="softAssertion" time="0.008" classname="testNG.concept.TestNGAssertions"/>
  <system-out/>
</testsuite> <!-- testNG.concept.TestNGAssertions -->
