<?xml version="1.0" encoding="UTF-8"?>
<!-- Generated by org.testng.reporters.JUnitReportReporter -->
<testsuite skipped="0" hostname="DESKTOP-68S2GAU" name="testNG.concept.TestNGDependent" tests="5" failures="0" timestamp="2021-04-07T17:32:14 EDT" time="0.029" errors="0">
  <testcase name="testSmoke_three" time="0.003" classname="testNG.concept.TestNGDependent"/>
  <system-out/>
  <testcase name="testRegression" time="0.008" classname="testNG.concept.TestNGDependent"/>
  <system-out/>
  <testcase name="testRegression_two" time="0.010" classname="testNG.concept.TestNGDependent"/>
  <system-out/>
  <testcase name="testSmoke" time="0.005" classname="testNG.concept.TestNGDependent"/>
  <system-out/>
  <testcase name="testSmoke_two" time="0.003" classname="testNG.concept.TestNGDependent"/>
  <system-out/>
</testsuite> <!-- testNG.concept.TestNGDependent -->
