<?xml version="1.0" encoding="UTF-8"?>
<!-- Generated by org.testng.reporters.JUnitReportReporter -->
<testsuite skipped="0" hostname="DESKTOP-68S2GAU" name="testNG.concept.TestNGAnnotation" tests="4" failures="0" timestamp="2021-04-07T23:25:35 EDT" time="0.019" errors="0">
  <testcase name="test_without_priority" time="0.012" classname="testNG.concept.TestNGAnnotation"/>
  <system-out/>
  <testcase name="test_one" time="0.001" classname="testNG.concept.TestNGAnnotation"/>
  <system-out/>
  <testcase name="test_two" time="0.004" classname="testNG.concept.TestNGAnnotation"/>
  <system-out/>
  <testcase name="test_hree" time="0.002" classname="testNG.concept.TestNGAnnotation"/>
  <system-out/>
</testsuite> <!-- testNG.concept.TestNGAnnotation -->
