<?xml version="1.0" encoding="UTF-8"?>
<!-- Generated by org.testng.reporters.JUnitReportReporter -->
<testsuite skipped="0" hostname="DESKTOP-68S2GAU" name="testNG.concept.TestNGAssertions" tests="2" failures="0" timestamp="12 Apr 2021 03:16:36 GMT" time="0.013" errors="0">
  <testcase name="softAssertion" time="0.005" classname="testNG.concept.TestNGAssertions"/>
  <testcase name="hardAssertion" time="0.008" classname="testNG.concept.TestNGAssertions"/>
</testsuite> <!-- testNG.concept.TestNGAssertions -->
