<?xml version="1.0" encoding="UTF-8"?>
<!-- Generated by org.testng.reporters.JUnitReportReporter -->
<testsuite skipped="0" hostname="DESKTOP-68S2GAU" name="testNG.concept.TestNGGroups" tests="5" failures="0" timestamp="12 Apr 2021 03:16:36 GMT" time="0.025" errors="0">
  <testcase name="testSmoke_two" time="0.005" classname="testNG.concept.TestNGGroups"/>
  <testcase name="testSmoke_three" time="0.004" classname="testNG.concept.TestNGGroups"/>
  <testcase name="testRegression_two" time="0.010" classname="testNG.concept.TestNGGroups"/>
  <testcase name="testSmoke" time="0.002" classname="testNG.concept.TestNGGroups"/>
  <testcase name="testRegression" time="0.004" classname="testNG.concept.TestNGGroups"/>
</testsuite> <!-- testNG.concept.TestNGGroups -->
