<?xml version="1.0" encoding="UTF-8"?>
<!-- Generated by org.testng.reporters.JUnitReportReporter -->
<testsuite skipped="0" hostname="DESKTOP-68S2GAU" name="testNG.concept.TestNGGroups" tests="3" failures="0" timestamp="2021-04-07T16:40:42 EDT" time="0.062" errors="0">
  <testcase name="testSmoke" time="0.031" classname="testNG.concept.TestNGGroups"/>
  <system-out/>
  <testcase name="testSmoke_three" time="0.021" classname="testNG.concept.TestNGGroups"/>
  <system-out/>
  <testcase name="testSmoke_two" time="0.010" classname="testNG.concept.TestNGGroups"/>
  <system-out/>
</testsuite> <!-- testNG.concept.TestNGGroups -->
