<?xml version="1.0" encoding="UTF-8"?>
<!-- Generated by org.testng.reporters.JUnitReportReporter -->
<testsuite skipped="0" hostname="DESKTOP-68S2GAU" name="testNG.concept.TestNGGroups" tests="5" failures="0" timestamp="2021-04-10T23:51:50 EDT" time="0.006" errors="0">
  <testcase name="testRegression_two" time="0.002" classname="testNG.concept.TestNGGroups"/>
  <system-out/>
  <testcase name="testSmoke_three" time="0.003" classname="testNG.concept.TestNGGroups"/>
  <system-out/>
  <testcase name="testRegression" time="0.001" classname="testNG.concept.TestNGGroups"/>
  <system-out/>
  <testcase name="testSmoke_two" time="0.000" classname="testNG.concept.TestNGGroups"/>
  <system-out/>
  <testcase name="testSmoke" time="0.000" classname="testNG.concept.TestNGGroups"/>
  <system-out/>
</testsuite> <!-- testNG.concept.TestNGGroups -->
