<?xml version="1.0" encoding="UTF-8"?>
<!-- Generated by org.testng.reporters.JUnitReportReporter -->
<testsuite skipped="0" hostname="DESKTOP-68S2GAU" name="testNG.concept.TestNGAnnotation" tests="4" failures="0" timestamp="2021-04-12T00:59:50 EDT" time="0.007" errors="0">
  <testcase name="test_without_priority" time="0.003" classname="testNG.concept.TestNGAnnotation"/>
  <system-out/>
  <testcase name="test_hree" time="0.000" classname="testNG.concept.TestNGAnnotation"/>
  <system-out/>
  <testcase name="test_two" time="0.002" classname="testNG.concept.TestNGAnnotation"/>
  <system-out/>
  <testcase name="test_one" time="0.002" classname="testNG.concept.TestNGAnnotation"/>
  <system-out/>
</testsuite> <!-- testNG.concept.TestNGAnnotation -->
