<?xml version="1.0" encoding="UTF-8"?>
<!-- Generated by org.testng.reporters.JUnitReportReporter -->
<testsuite skipped="0" hostname="DESKTOP-68S2GAU" name="testNG.concept.TestNGDependent" tests="3" failures="0" timestamp="2021-04-10T23:51:50 EDT" time="0.002" errors="0">
  <testcase name="test_OpenBrowser" time="0.000" classname="testNG.concept.TestNGDependent"/>
  <system-out/>
  <testcase name="test_SignINtoApplication" time="0.001" classname="testNG.concept.TestNGDependent"/>
  <system-out/>
  <testcase name="test_NavigateToURL" time="0.001" classname="testNG.concept.TestNGDependent"/>
  <system-out/>
</testsuite> <!-- testNG.concept.TestNGDependent -->
